<?xml version="1.0" encoding="UTF-8"?>
<!-- Generated by org.testng.reporters.JUnitReportReporter -->
<testsuite skipped="0" hostname="DESKTOP-JI2RTPO" name="industrystandardpomprogram.LoginTestCase" tests="1" failures="0" timestamp="15 Feb 2020 06:49:37 GMT" time="22.003" errors="0">
  <testcase name="login" time="22.003" classname="industrystandardpomprogram.LoginTestCase"/>
</testsuite> <!-- industrystandardpomprogram.LoginTestCase -->
