<?xml version="1.0" encoding="UTF-8"?>
<!-- Generated by org.testng.reporters.JUnitReportReporter -->
<testsuite skipped="0" hostname="DESKTOP-JI2RTPO" name="industrystandardpomprogram.MyProfileTestCase" tests="1" failures="0" timestamp="15 Feb 2020 07:38:52 GMT" time="24.125" errors="0">
  <testcase name="myprofile" time="24.125" classname="industrystandardpomprogram.MyProfileTestCase"/>
</testsuite> <!-- industrystandardpomprogram.MyProfileTestCase -->
