<?xml version="1.0" encoding="UTF-8"?>
<!-- Generated by org.testng.reporters.JUnitReportReporter -->
<testsuite skipped="0" hostname="DESKTOP-JI2RTPO" name="pagefactorywithoutannotations.LoginwithouFindBy" tests="1" failures="0" timestamp="15 Feb 2020 08:19:44 GMT" time="18.320" errors="0">
  <testcase name="login" time="18.320" classname="pagefactorywithoutannotations.LoginwithouFindBy"/>
</testsuite> <!-- pagefactorywithoutannotations.LoginwithouFindBy -->
